
Showing logs for build [32mcb-kubecd-environment-pr-179-12-96dwc-1[0m stage [32mfrom-build-pack[0m and container [32mstep-credential-initializer-zmckz[0m
{"level":"warn","ts":1583909194.9836779,"logger":"fallback-logger","caller":"logging/config.go:69","msg":"Fetch GitHub commit ID from kodata failed: \"ref: refs/heads/0.8.0-**-support-backwards-incompats\" is not a valid GitHub commit ID"}
{"level":"info","ts":1583909194.9843667,"logger":"fallback-logger","caller":"creds-init/main.go:40","msg":"Credentials initialized."}

Showing logs for build [32mcb-kubecd-environment-pr-179-12-96dwc-1[0m stage [32mfrom-build-pack[0m and container [32mstep-working-dir-initializer-9w94w[0m
{"level":"warn","ts":1583909196.3988478,"logger":"fallback-logger","caller":"logging/config.go:69","msg":"Fetch GitHub commit ID from kodata failed: open /var/run/ko/HEAD: no such file or directory"}
{"level":"info","ts":1583909196.4062343,"logger":"fallback-logger","caller":"bash/main.go:64","msg":"Successfully executed command \"sh -c mkdir -p /workspace/source\"; output "}

Showing logs for build [32mcb-kubecd-environment-pr-179-12-96dwc-1[0m stage [32mfrom-build-pack[0m and container [32mstep-place-tools[0m

Showing logs for build [32mcb-kubecd-environment-pr-179-12-96dwc-1[0m stage [32mfrom-build-pack[0m and container [32mstep-git-source-cb-kubecd-environment-pr-179-12-96dwc-pnwsb[0m
{"level":"warn","ts":1583909202.5489767,"logger":"fallback-logger","caller":"logging/config.go:69","msg":"Fetch GitHub commit ID from kodata failed: \"ref: refs/heads/0.8.0-**-support-backwards-incompats\" is not a valid GitHub commit ID"}
{"level":"info","ts":1583909203.6419601,"logger":"fallback-logger","caller":"git/git.go:103","msg":"Successfully cloned https://github.com/cb-kubecd/environment-pr-179-12-gke-upgrade-staging.git @ master in path /workspace/source"}

Showing logs for build [32mcb-kubecd-environment-pr-179-12-96dwc-1[0m stage [32mfrom-build-pack[0m and container [32mstep-git-merge[0m
Using SHAs from PULL_REFS=master:779f5d0b4097ef9b15c31a91fbbe8455825452e3,1:5e0a6adad502ee18af0e8f0866ce68ec135d4602
DEBUG: JX_LOG_LEVEL=error LC_ALL=C git fetch origin --unshallow 5e0a6adad502ee18af0e8f0866ce68ec135d4602: 779f5d0b4097ef9b15c31a91fbbe8455825452e3:
DEBUG: ran git fetch --unshallow origin 5e0a6adad502ee18af0e8f0866ce68ec135d4602: 779f5d0b4097ef9b15c31a91fbbe8455825452e3: in 
DEBUG: LC_ALL=C JX_LOG_LEVEL=error git branch
DEBUG: LC_ALL=C JX_LOG_LEVEL=error git checkout master
DEBUG: ran git checkout master in 
DEBUG: LC_ALL=C JX_LOG_LEVEL=error git reset --hard 779f5d0b4097ef9b15c31a91fbbe8455825452e3
DEBUG: ran git reset --hard 779f5d0b4097ef9b15c31a91fbbe8455825452e3 in 
DEBUG: LC_ALL=C JX_LOG_LEVEL=error git clean -fd .
DEBUG: ran clean --force -d . in 
DEBUG: LC_ALL=C JX_LOG_LEVEL=error git merge 5e0a6adad502ee18af0e8f0866ce68ec135d4602
DEBUG: ran git merge 5e0a6adad502ee18af0e8f0866ce68ec135d4602 in 
DEBUG: LC_ALL=C JX_LOG_LEVEL=error git log --format=%H%x1f%an%x1f%ae%x1f%cn%x1f%ce%x1f%s%n%b%x1e 779f5d0b4097ef9b15c31a91fbbe8455825452e3..HEAD
Merged SHA 5e0a6adad502ee18af0e8f0866ce68ec135d4602 with commit message 'chore: Promote bdd-spring-1583908839 to version 0.0.1' into base branch master

Showing logs for build [32mcb-kubecd-environment-pr-179-12-96dwc-1[0m stage [32mfrom-build-pack[0m and container [32mstep-build-helm-build[0m
WARNING: No $CHART_REPOSITORY defined so using the default value of: http://jenkins-x-chartmuseum:8080
Adding missing Helm repo: storage.googleapis.com https://storage.googleapis.com/chartmuseum.jenkins-x.io
WARNING: No secrets found on "helm/repos" due: reading the secret "helm/repos" from vault: no secret "helm/repos" not found in vault
Read credentials for https://storage.googleapis.com/chartmuseum.jenkins-x.io from vault helm/repos
Successfully added Helm repository storage.googleapis.com.
Adding missing Helm repo: jenkins-x-chartmuseum http://jenkins-x-chartmuseum:8080
WARNING: No secrets found on "helm/repos" due: reading the secret "helm/repos" from vault: no secret "helm/repos" not found in vault
Read credentials for http://jenkins-x-chartmuseum:8080 from vault helm/repos
Successfully added Helm repository jenkins-x-chartmuseum.
WARNING: No $CHART_REPOSITORY defined so using the default value of: http://jenkins-x-chartmuseum:8080
Adding missing Helm repo: chartmuseum.jenkins-x.io http://chartmuseum.jenkins-x.io
WARNING: No secrets found on "helm/repos" due: reading the secret "helm/repos" from vault: no secret "helm/repos" not found in vault
Read credentials for http://chartmuseum.jenkins-x.io from vault helm/repos
Successfully added Helm repository chartmuseum.jenkins-x.io.
